0 info it worked if it ends with ok
1 verbose cli [ '/Users/liuxile1/.nvm/versions/node/v4.2.3/bin/node',
1 verbose cli   '/Users/liuxile1/.nvm/versions/node/v4.2.3/bin/npm',
1 verbose cli   'start' ]
2 info using npm@3.8.7
3 info using node@v4.2.3
4 verbose run-script [ 'prestart', 'start', 'poststart' ]
5 info lifecycle react-redux-share@0.1.0~prestart: react-redux-share@0.1.0
6 silly lifecycle react-redux-share@0.1.0~prestart: no script for prestart, continuing
7 info lifecycle react-redux-share@0.1.0~start: react-redux-share@0.1.0
8 verbose lifecycle react-redux-share@0.1.0~start: unsafe-perm in lifecycle true
9 verbose lifecycle react-redux-share@0.1.0~start: PATH: /Users/liuxile1/.nvm/versions/node/v4.2.3/lib/node_modules/npm/bin/node-gyp-bin:/Users/liuxile1/Code/react-redux-share/node_modules/.bin:/Users/liuxile1/.nvm/versions/node/v4.2.3/bin:/Users/liuxile1/.nvm/versions/node/v4.2.3/bin:/Users/liuxile1/bin/Sencha/Cmd/6.0.1.76/..:/usr/local/bin:/usr/bin:/bin:/usr/sbin:/sbin
10 verbose lifecycle react-redux-share@0.1.0~start: CWD: /Users/liuxile1/Code/react-redux-share
11 silly lifecycle react-redux-share@0.1.0~start: Args: [ '-c', 'node scripts/start.js' ]
12 silly lifecycle react-redux-share@0.1.0~start: Returned: code: 1  signal: null
13 info lifecycle react-redux-share@0.1.0~start: Failed to exec start script
14 verbose stack Error: react-redux-share@0.1.0 start: `node scripts/start.js`
14 verbose stack Exit status 1
14 verbose stack     at EventEmitter.<anonymous> (/Users/liuxile1/.nvm/versions/node/v4.2.3/lib/node_modules/npm/lib/utils/lifecycle.js:244:16)
14 verbose stack     at emitTwo (events.js:87:13)
14 verbose stack     at EventEmitter.emit (events.js:172:7)
14 verbose stack     at ChildProcess.<anonymous> (/Users/liuxile1/.nvm/versions/node/v4.2.3/lib/node_modules/npm/lib/utils/spawn.js:24:14)
14 verbose stack     at emitTwo (events.js:87:13)
14 verbose stack     at ChildProcess.emit (events.js:172:7)
14 verbose stack     at maybeClose (internal/child_process.js:818:16)
14 verbose stack     at Process.ChildProcess._handle.onexit (internal/child_process.js:211:5)
15 verbose pkgid react-redux-share@0.1.0
16 verbose cwd /Users/liuxile1/Code/react-redux-share
17 error Darwin 16.7.0
18 error argv "/Users/liuxile1/.nvm/versions/node/v4.2.3/bin/node" "/Users/liuxile1/.nvm/versions/node/v4.2.3/bin/npm" "start"
19 error node v4.2.3
20 error npm  v3.8.7
21 error code ELIFECYCLE
22 error react-redux-share@0.1.0 start: `node scripts/start.js`
22 error Exit status 1
23 error Failed at the react-redux-share@0.1.0 start script 'node scripts/start.js'.
23 error Make sure you have the latest version of node.js and npm installed.
23 error If you do, this is most likely a problem with the react-redux-share package,
23 error not with npm itself.
23 error Tell the author that this fails on your system:
23 error     node scripts/start.js
23 error You can get information on how to open an issue for this project with:
23 error     npm bugs react-redux-share
23 error Or if that isn't available, you can get their info via:
23 error     npm owner ls react-redux-share
23 error There is likely additional logging output above.
24 verbose exit [ 1, true ]
